Using pre-set license
Built from '2020.3/staging' branch; Version is '2020.3.8f1 (507919d4fff5) revision 5273881'; Using compiler version '192528614'; Build Type 'Release'
OS: 'Windows 10 Home; OS build 22631.3447; Version 2009; 64bit' Language: 'tr' Physical Memory: 32694 MB
BatchMode: 1, IsHumanControllingUs: 0, StartBugReporterOnCrash: 0, Is64bit: 1, IsPro: 0

 COMMAND LINE ARGUMENTS:
C:\Program Files\Unity\Hub\Editor\2020.3.8f1\Editor\Unity.exe
-adb2
-batchMode
-noUpm
-name
AssetImportWorker0
-projectPath
C:/Users/oguzh/OneDrive/Masaüstü/DGD303_FinalProject-main
-logFile
Logs/AssetImportWorker0.log
-srvPort
56807
Successfully changed project path to: C:/Users/oguzh/OneDrive/Masaüstü/DGD303_FinalProject-main
C:/Users/oguzh/OneDrive/Masaüstü/DGD303_FinalProject-main
Using Asset Import Pipeline V2.
Refreshing native plugins compatible for Editor in 27.92 ms, found 1 plugins.
Preloading 0 native plugins for Editor in 0.00 ms.
Initialize engine version: 2020.3.8f1 (507919d4fff5)
[Subsystems] Discovering subsystems at path C:/Program Files/Unity/Hub/Editor/2020.3.8f1/Editor/Data/Resources/UnitySubsystems
[Subsystems] Discovering subsystems at path C:/Users/oguzh/OneDrive/Masaüstü/DGD303_FinalProject-main/Assets
GfxDevice: creating device client; threaded=0
Direct3D:
    Version:  Direct3D 11.0 [level 11.1]
    Renderer: NVIDIA GeForce RTX 3060 (ID=0x2504)
    Vendor:   
    VRAM:     12115 MB
    Driver:   32.0.15.5585
Initialize mono
Mono path[0] = 'C:/Program Files/Unity/Hub/Editor/2020.3.8f1/Editor/Data/Managed'
Mono path[1] = 'C:/Program Files/Unity/Hub/Editor/2020.3.8f1/Editor/Data/MonoBleedingEdge/lib/mono/unityjit'
Mono config path = 'C:/Program Files/Unity/Hub/Editor/2020.3.8f1/Editor/Data/MonoBleedingEdge/etc'
Using monoOptions --debugger-agent=transport=dt_socket,embedding=1,server=y,suspend=n,address=127.0.0.1:56412
Begin MonoManager ReloadAssembly
Registering precompiled unity dll's ...
Register platform support module: C:/Program Files/Unity/Hub/Editor/2020.3.8f1/Editor/Data/PlaybackEngines/WindowsStandaloneSupport/UnityEditor.WindowsStandalone.Extensions.dll
Registered in 0.001488 seconds.
Native extension for WindowsStandalone target not found
Refreshing native plugins compatible for Editor in 27.30 ms, found 1 plugins.
Preloading 0 native plugins for Editor in 0.00 ms.
Mono: successfully reloaded assembly
- Completed reload, in  0.834 seconds
Platform modules already initialized, skipping
Registering precompiled user dll's ...
Registered in 0.000756 seconds.
Begin MonoManager ReloadAssembly
Native extension for WindowsStandalone target not found
Refreshing native plugins compatible for Editor in 26.78 ms, found 1 plugins.
Preloading 0 native plugins for Editor in 0.00 ms.
Mono: successfully reloaded assembly
- Completed reload, in  0.579 seconds
Platform modules already initialized, skipping
========================================================================
Worker process is ready to serve import requests
Launched and connected shader compiler UnityShaderCompiler.exe after 0.03 seconds
Refreshing native plugins compatible for Editor in 0.35 ms, found 1 plugins.
Preloading 0 native plugins for Editor in 0.00 ms.
Unloading 1831 Unused Serialized files (Serialized files now loaded: 0)
System memory in use before: 87.3 MB.
System memory in use after: 87.3 MB.

Unloading 24 unused Assets to reduce memory usage. Loaded Objects now: 2275.
Total: 1.626800 ms (FindLiveObjects: 0.141200 ms CreateObjectMapping: 0.039000 ms MarkObjects: 1.349300 ms  DeleteObjects: 0.096500 ms)

========================================================================
Received Import Request.
  path: Assets/Sounds/CasualGameBGM05
  artifactKey: Guid(766a4b53a5cc8fb4790a21fc8c189e81) Importer(815301076,1909f56bfc062723c751e8b465ee728b)
Start importing Assets/Sounds/CasualGameBGM05 using Guid(766a4b53a5cc8fb4790a21fc8c189e81) Importer(815301076,1909f56bfc062723c751e8b465ee728b)  -> (artifact id: 'bd5dc3ca99792d6e43d6466d7cd6899f') in 0.007665 seconds
  Import took 0.009670 seconds .

========================================================================
Received Import Request.
  Time since last request: 145.057954 seconds.
  path: ProjectSettings/TagManager.asset
  artifactKey: Guid(00000000000000003000000000000000) Importer(815301076,1909f56bfc062723c751e8b465ee728b)
Start importing ProjectSettings/TagManager.asset using Guid(00000000000000003000000000000000) Importer(815301076,1909f56bfc062723c751e8b465ee728b)  -> (artifact id: '7c5e6cecef30e375c5f3e3b0ac8a763f') in 0.030480 seconds
  Import took 0.032963 seconds .

========================================================================
Received Import Request.
  Time since last request: 59.049941 seconds.
  path: Assets/Scripts/ItemCollector.cs
  artifactKey: Guid(c2f64a0cd40e9804d950630d36b8253a) Importer(815301076,1909f56bfc062723c751e8b465ee728b)
Start importing Assets/Scripts/ItemCollector.cs using Guid(c2f64a0cd40e9804d950630d36b8253a) Importer(815301076,1909f56bfc062723c751e8b465ee728b)  -> (artifact id: '5189870e15072241117047b57d647252') in 0.010735 seconds
  Import took 0.013156 seconds .

========================================================================
Received Import Request.
  Time since last request: 133.010544 seconds.
  path: Assets/Scripts/ItemCollector.cs
  artifactKey: Guid(c2f64a0cd40e9804d950630d36b8253a) Importer(815301076,1909f56bfc062723c751e8b465ee728b)
Start importing Assets/Scripts/ItemCollector.cs using Guid(c2f64a0cd40e9804d950630d36b8253a) Importer(815301076,1909f56bfc062723c751e8b465ee728b)  -> (artifact id: 'd1add3f37b1197b808145b0f2f2ad5e1') in 0.001831 seconds
  Import took 0.004163 seconds .

========================================================================
Received Import Request.
  Time since last request: 86.016657 seconds.
  path: Assets/Scripts/ItemCollector.cs
  artifactKey: Guid(c2f64a0cd40e9804d950630d36b8253a) Importer(815301076,1909f56bfc062723c751e8b465ee728b)
Start importing Assets/Scripts/ItemCollector.cs using Guid(c2f64a0cd40e9804d950630d36b8253a) Importer(815301076,1909f56bfc062723c751e8b465ee728b)  -> (artifact id: 'a01ee76dfdcfd2b284564f77130f8075') in 0.001819 seconds
  Import took 0.004167 seconds .

========================================================================
Received Prepare
Registering precompiled user dll's ...
Registered in 0.000909 seconds.
Begin MonoManager ReloadAssembly
Native extension for WindowsStandalone target not found
Refreshing native plugins compatible for Editor in 0.34 ms, found 1 plugins.
Preloading 0 native plugins for Editor in 0.00 ms.
Mono: successfully reloaded assembly
- Completed reload, in  0.551 seconds
Platform modules already initialized, skipping
Refreshing native plugins compatible for Editor in 0.31 ms, found 1 plugins.
Preloading 0 native plugins for Editor in 0.00 ms.
Unloading 1813 Unused Serialized files (Serialized files now loaded: 0)
System memory in use before: 86.0 MB.
System memory in use after: 86.0 MB.

Unloading 13 unused Assets to reduce memory usage. Loaded Objects now: 2279.
Total: 1.631900 ms (FindLiveObjects: 0.109300 ms CreateObjectMapping: 0.040700 ms MarkObjects: 1.410800 ms  DeleteObjects: 0.070300 ms)

========================================================================
Received Prepare
Registering precompiled user dll's ...
Registered in 0.000708 seconds.
Begin MonoManager ReloadAssembly
Native extension for WindowsStandalone target not found
Refreshing native plugins compatible for Editor in 0.34 ms, found 1 plugins.
Preloading 0 native plugins for Editor in 0.00 ms.
Mono: successfully reloaded assembly
- Completed reload, in  0.544 seconds
Platform modules already initialized, skipping
Refreshing native plugins compatible for Editor in 0.33 ms, found 1 plugins.
Preloading 0 native plugins for Editor in 0.00 ms.
Unloading 1813 Unused Serialized files (Serialized files now loaded: 0)
System memory in use before: 86.1 MB.
System memory in use after: 86.0 MB.

Unloading 12 unused Assets to reduce memory usage. Loaded Objects now: 2283.
Total: 1.699100 ms (FindLiveObjects: 0.141800 ms CreateObjectMapping: 0.047600 ms MarkObjects: 1.433100 ms  DeleteObjects: 0.075900 ms)

========================================================================
Received Prepare
Registering precompiled user dll's ...
Registered in 0.000726 seconds.
Begin MonoManager ReloadAssembly
Native extension for WindowsStandalone target not found
Refreshing native plugins compatible for Editor in 0.36 ms, found 1 plugins.
Preloading 0 native plugins for Editor in 0.00 ms.
Mono: successfully reloaded assembly
- Completed reload, in  0.545 seconds
Platform modules already initialized, skipping
Refreshing native plugins compatible for Editor in 0.31 ms, found 1 plugins.
Preloading 0 native plugins for Editor in 0.00 ms.
Unloading 1813 Unused Serialized files (Serialized files now loaded: 0)
System memory in use before: 86.1 MB.
System memory in use after: 86.1 MB.

Unloading 12 unused Assets to reduce memory usage. Loaded Objects now: 2287.
Total: 1.617100 ms (FindLiveObjects: 0.148300 ms CreateObjectMapping: 0.045800 ms MarkObjects: 1.357400 ms  DeleteObjects: 0.064900 ms)

AssetImportWorkerClient::OnTransportError - code=2 error=End of file
